0 info it worked if it ends with ok
1 verbose cli [ 'C:\\Program Files\\nodejs\\\\node.exe',
1 verbose cli   'C:\\Program Files\\nodejs\\node_modules\\npm\\bin\\npm-cli.js',
1 verbose cli   'install',
1 verbose cli   'grunt-karma',
1 verbose cli   'karma-ng-html2js-preprocessor',
1 verbose cli   'karma-ng-scenario',
1 verbose cli   '--save-dev' ]
2 info using npm@1.4.3
3 info using node@v0.10.26
4 verbose node symlink C:\Program Files\nodejs\\node.exe
5 verbose readDependencies using package.json deps
6 verbose cache add [ 'grunt-karma', null ]
7 verbose cache add name=undefined spec="grunt-karma" args=["grunt-karma",null]
8 verbose parsed url { protocol: null,
8 verbose parsed url   slashes: null,
8 verbose parsed url   auth: null,
8 verbose parsed url   host: null,
8 verbose parsed url   port: null,
8 verbose parsed url   hostname: null,
8 verbose parsed url   hash: null,
8 verbose parsed url   search: null,
8 verbose parsed url   query: null,
8 verbose parsed url   pathname: 'grunt-karma',
8 verbose parsed url   path: 'grunt-karma',
8 verbose parsed url   href: 'grunt-karma' }
9 verbose cache add [ 'karma-ng-html2js-preprocessor', null ]
10 verbose cache add name=undefined spec="karma-ng-html2js-preprocessor" args=["karma-ng-html2js-preprocessor",null]
11 verbose parsed url { protocol: null,
11 verbose parsed url   slashes: null,
11 verbose parsed url   auth: null,
11 verbose parsed url   host: null,
11 verbose parsed url   port: null,
11 verbose parsed url   hostname: null,
11 verbose parsed url   hash: null,
11 verbose parsed url   search: null,
11 verbose parsed url   query: null,
11 verbose parsed url   pathname: 'karma-ng-html2js-preprocessor',
11 verbose parsed url   path: 'karma-ng-html2js-preprocessor',
11 verbose parsed url   href: 'karma-ng-html2js-preprocessor' }
12 verbose cache add [ 'karma-ng-scenario', null ]
13 verbose cache add name=undefined spec="karma-ng-scenario" args=["karma-ng-scenario",null]
14 verbose parsed url { protocol: null,
14 verbose parsed url   slashes: null,
14 verbose parsed url   auth: null,
14 verbose parsed url   host: null,
14 verbose parsed url   port: null,
14 verbose parsed url   hostname: null,
14 verbose parsed url   hash: null,
14 verbose parsed url   search: null,
14 verbose parsed url   query: null,
14 verbose parsed url   pathname: 'karma-ng-scenario',
14 verbose parsed url   path: 'karma-ng-scenario',
14 verbose parsed url   href: 'karma-ng-scenario' }
15 silly lockFile 707ccff9-grunt-karma grunt-karma
16 verbose lock grunt-karma C:\Users\Jon\AppData\Roaming\npm-cache\707ccff9-grunt-karma.lock
17 silly lockFile 18de6d31-karma-ng-html2js-preprocessor karma-ng-html2js-preprocessor
18 verbose lock karma-ng-html2js-preprocessor C:\Users\Jon\AppData\Roaming\npm-cache\18de6d31-karma-ng-html2js-preprocessor.lock
19 silly lockFile e5bca250-karma-ng-scenario karma-ng-scenario
20 verbose lock karma-ng-scenario C:\Users\Jon\AppData\Roaming\npm-cache\e5bca250-karma-ng-scenario.lock
21 silly lockFile 18de6d31-karma-ng-html2js-preprocessor karma-ng-html2js-preprocessor
22 silly lockFile 18de6d31-karma-ng-html2js-preprocessor karma-ng-html2js-preprocessor
23 silly lockFile 707ccff9-grunt-karma grunt-karma
24 silly lockFile 707ccff9-grunt-karma grunt-karma
25 verbose addNamed [ 'karma-ng-html2js-preprocessor', '' ]
26 verbose addNamed [ null, '*' ]
27 silly lockFile 9f59274a-karma-ng-html2js-preprocessor karma-ng-html2js-preprocessor@
28 verbose lock karma-ng-html2js-preprocessor@ C:\Users\Jon\AppData\Roaming\npm-cache\9f59274a-karma-ng-html2js-preprocessor.lock
29 verbose addNamed [ 'grunt-karma', '' ]
30 verbose addNamed [ null, '*' ]
31 silly lockFile 94531edb-grunt-karma grunt-karma@
32 verbose lock grunt-karma@ C:\Users\Jon\AppData\Roaming\npm-cache\94531edb-grunt-karma.lock
33 silly lockFile e5bca250-karma-ng-scenario karma-ng-scenario
34 silly lockFile e5bca250-karma-ng-scenario karma-ng-scenario
35 silly addNameRange { name: 'karma-ng-html2js-preprocessor',
35 silly addNameRange   range: '*',
35 silly addNameRange   hasData: false }
36 verbose addNamed [ 'karma-ng-scenario', '' ]
37 verbose addNamed [ null, '*' ]
38 silly lockFile 4f100e2f-karma-ng-scenario karma-ng-scenario@
39 verbose lock karma-ng-scenario@ C:\Users\Jon\AppData\Roaming\npm-cache\4f100e2f-karma-ng-scenario.lock
40 silly addNameRange { name: 'grunt-karma', range: '*', hasData: false }
41 verbose url raw karma-ng-html2js-preprocessor
42 verbose url resolving [ 'https://registry.npmjs.org/',
42 verbose url resolving   './karma-ng-html2js-preprocessor' ]
43 verbose url resolved https://registry.npmjs.org/karma-ng-html2js-preprocessor
44 info trying registry request attempt 1 at 20:16:20
45 verbose etag "6EH59V8YEE45P1KZC5029FRHX"
46 http GET https://registry.npmjs.org/karma-ng-html2js-preprocessor
47 silly addNameRange { name: 'karma-ng-scenario', range: '*', hasData: false }
48 verbose url raw grunt-karma
49 verbose url resolving [ 'https://registry.npmjs.org/', './grunt-karma' ]
50 verbose url resolved https://registry.npmjs.org/grunt-karma
51 info trying registry request attempt 1 at 20:16:20
52 verbose etag "BUJQFU9UPSU5J1CL2GARKAOFF"
53 http GET https://registry.npmjs.org/grunt-karma
54 verbose url raw karma-ng-scenario
55 verbose url resolving [ 'https://registry.npmjs.org/', './karma-ng-scenario' ]
56 verbose url resolved https://registry.npmjs.org/karma-ng-scenario
57 info trying registry request attempt 1 at 20:16:20
58 verbose etag "2P0B3TOUILK6P74MQYORCRL8P"
59 http GET https://registry.npmjs.org/karma-ng-scenario
60 http 304 https://registry.npmjs.org/grunt-karma
61 silly registry.get cb [ 304,
61 silly registry.get   { date: 'Wed, 23 Apr 2014 18:16:12 GMT',
61 silly registry.get     server: 'Apache',
61 silly registry.get     via: '1.1 varnish',
61 silly registry.get     'last-modified': 'Wed, 23 Apr 2014 18:16:12 GMT',
61 silly registry.get     'cache-control': 'max-age=1',
61 silly registry.get     etag: '"BUJQFU9UPSU5J1CL2GARKAOFF"',
61 silly registry.get     'x-served-by': 'cache-am72-AMS',
61 silly registry.get     'x-cache': 'HIT',
61 silly registry.get     'x-cache-hits': '1',
61 silly registry.get     'x-timer': 'S1398276972.683995247,VS0,VE90',
61 silly registry.get     vary: 'Accept',
61 silly registry.get     'content-length': '0',
61 silly registry.get     'keep-alive': 'timeout=10, max=50',
61 silly registry.get     connection: 'Keep-Alive' } ]
62 verbose etag grunt-karma from cache
63 silly addNameRange number 2 { name: 'grunt-karma', range: '*', hasData: true }
64 silly addNameRange versions [ 'grunt-karma',
64 silly addNameRange   [ '0.3.0',
64 silly addNameRange     '0.4.0',
64 silly addNameRange     '0.4.1',
64 silly addNameRange     '0.4.2',
64 silly addNameRange     '0.4.3',
64 silly addNameRange     '0.4.4',
64 silly addNameRange     '0.5.0',
64 silly addNameRange     '0.4.5',
64 silly addNameRange     '0.5.1',
64 silly addNameRange     '0.5.2',
64 silly addNameRange     '0.4.6',
64 silly addNameRange     '0.5.3',
64 silly addNameRange     '0.5.4',
64 silly addNameRange     '0.6.0',
64 silly addNameRange     '0.6.1',
64 silly addNameRange     '0.7.0',
64 silly addNameRange     '0.6.2',
64 silly addNameRange     '0.7.1',
64 silly addNameRange     '0.7.2',
64 silly addNameRange     '0.7.3',
64 silly addNameRange     '0.8.0',
64 silly addNameRange     '0.8.1',
64 silly addNameRange     '0.8.2' ] ]
65 verbose addNamed [ 'grunt-karma', '0.8.2' ]
66 verbose addNamed [ '0.8.2', '0.8.2' ]
67 silly lockFile ce2373bf-grunt-karma-0-8-2 grunt-karma@0.8.2
68 verbose lock grunt-karma@0.8.2 C:\Users\Jon\AppData\Roaming\npm-cache\ce2373bf-grunt-karma-0-8-2.lock
69 silly lockFile ce2373bf-grunt-karma-0-8-2 grunt-karma@0.8.2
70 silly lockFile ce2373bf-grunt-karma-0-8-2 grunt-karma@0.8.2
71 silly lockFile 94531edb-grunt-karma grunt-karma@
72 silly lockFile 94531edb-grunt-karma grunt-karma@
73 http 304 https://registry.npmjs.org/karma-ng-html2js-preprocessor
74 silly registry.get cb [ 304,
74 silly registry.get   { date: 'Wed, 23 Apr 2014 18:16:12 GMT',
74 silly registry.get     server: 'Apache',
74 silly registry.get     via: '1.1 varnish',
74 silly registry.get     'last-modified': 'Wed, 23 Apr 2014 18:16:12 GMT',
74 silly registry.get     'cache-control': 'max-age=1',
74 silly registry.get     etag: '"6EH59V8YEE45P1KZC5029FRHX"',
74 silly registry.get     'x-served-by': 'cache-am72-AMS',
74 silly registry.get     'x-cache': 'MISS',
74 silly registry.get     'x-cache-hits': '0',
74 silly registry.get     'x-timer': 'S1398276972.675261497,VS0,VE197',
74 silly registry.get     vary: 'Accept',
74 silly registry.get     'content-length': '0',
74 silly registry.get     'keep-alive': 'timeout=10, max=50',
74 silly registry.get     connection: 'Keep-Alive' } ]
75 verbose etag karma-ng-html2js-preprocessor from cache
76 silly addNameRange number 2 { name: 'karma-ng-html2js-preprocessor',
76 silly addNameRange   range: '*',
76 silly addNameRange   hasData: true }
77 silly addNameRange versions [ 'karma-ng-html2js-preprocessor',
77 silly addNameRange   [ '0.0.1', '0.0.2', '0.0.3', '0.0.4', '0.1.0' ] ]
78 verbose addNamed [ 'karma-ng-html2js-preprocessor', '0.1.0' ]
79 verbose addNamed [ '0.1.0', '0.1.0' ]
80 silly lockFile b1e18fdd-ma-ng-html2js-preprocessor-0-1-0 karma-ng-html2js-preprocessor@0.1.0
81 verbose lock karma-ng-html2js-preprocessor@0.1.0 C:\Users\Jon\AppData\Roaming\npm-cache\b1e18fdd-ma-ng-html2js-preprocessor-0-1-0.lock
82 http 304 https://registry.npmjs.org/karma-ng-scenario
83 silly registry.get cb [ 304,
83 silly registry.get   { date: 'Wed, 23 Apr 2014 18:16:12 GMT',
83 silly registry.get     server: 'Apache',
83 silly registry.get     via: '1.1 varnish',
83 silly registry.get     'last-modified': 'Wed, 23 Apr 2014 18:16:12 GMT',
83 silly registry.get     'cache-control': 'max-age=1',
83 silly registry.get     etag: '"2P0B3TOUILK6P74MQYORCRL8P"',
83 silly registry.get     'x-served-by': 'cache-am71-AMS',
83 silly registry.get     'x-cache': 'HIT',
83 silly registry.get     'x-cache-hits': '1',
83 silly registry.get     'x-timer': 'S1398276972.678980112,VS0,VE207',
83 silly registry.get     vary: 'Accept',
83 silly registry.get     'content-length': '0',
83 silly registry.get     'keep-alive': 'timeout=10, max=50',
83 silly registry.get     connection: 'Keep-Alive' } ]
84 verbose etag karma-ng-scenario from cache
85 silly lockFile b1e18fdd-ma-ng-html2js-preprocessor-0-1-0 karma-ng-html2js-preprocessor@0.1.0
86 silly lockFile b1e18fdd-ma-ng-html2js-preprocessor-0-1-0 karma-ng-html2js-preprocessor@0.1.0
87 silly lockFile 9f59274a-karma-ng-html2js-preprocessor karma-ng-html2js-preprocessor@
88 silly lockFile 9f59274a-karma-ng-html2js-preprocessor karma-ng-html2js-preprocessor@
89 silly addNameRange number 2 { name: 'karma-ng-scenario', range: '*', hasData: true }
90 silly addNameRange versions [ 'karma-ng-scenario', [ '0.0.1', '0.0.2', '0.1.0' ] ]
91 verbose addNamed [ 'karma-ng-scenario', '0.1.0' ]
92 verbose addNamed [ '0.1.0', '0.1.0' ]
93 silly lockFile f90b10d8-karma-ng-scenario-0-1-0 karma-ng-scenario@0.1.0
94 verbose lock karma-ng-scenario@0.1.0 C:\Users\Jon\AppData\Roaming\npm-cache\f90b10d8-karma-ng-scenario-0-1-0.lock
95 silly lockFile f90b10d8-karma-ng-scenario-0-1-0 karma-ng-scenario@0.1.0
96 silly lockFile f90b10d8-karma-ng-scenario-0-1-0 karma-ng-scenario@0.1.0
97 silly lockFile 4f100e2f-karma-ng-scenario karma-ng-scenario@
98 silly lockFile 4f100e2f-karma-ng-scenario karma-ng-scenario@
99 silly resolved [ { name: 'grunt-karma',
99 silly resolved     version: '0.8.2',
99 silly resolved     description: 'grunt plugin for karma test runner',
99 silly resolved     main: 'tasks/grunt-karma.js',
99 silly resolved     repository:
99 silly resolved      { type: 'git',
99 silly resolved        url: 'https://github.com/karma-runner/grunt-karma.git' },
99 silly resolved     keywords: [ 'gruntplugin', 'karma', 'grunt', 'test', 'unit', 'runner', 'TDD' ],
99 silly resolved     scripts: { test: 'grunt test' },
99 silly resolved     author: { name: 'Dave Geddes' },
99 silly resolved     license: 'MIT',
99 silly resolved     readmeFilename: 'README.md',
99 silly resolved     dependencies: { lodash: '~2.4.1' },
99 silly resolved     devDependencies:
99 silly resolved      { grunt: '~0.4.3',
99 silly resolved        'expect.js': '~0.2.0',
99 silly resolved        'grunt-release': '~0.5.1',
99 silly resolved        'grunt-contrib-watch': '~0.2.0',
99 silly resolved        'grunt-conventional-changelog': '~0.0.12',
99 silly resolved        'karma-mocha': '~0.1.3',
99 silly resolved        karma: '~0.12.0',
99 silly resolved        'karma-firefox-launcher': '~0.1.3',
99 silly resolved        'karma-chrome-launcher': '~0.1.2' },
99 silly resolved     peerDependencies: { grunt: '0.4.x', karma: '~0.12.0' },
99 silly resolved     readme: '# grunt-karma [![Build Status](https://travis-ci.org/karma-runner/grunt-karma.png?branch=master)](https://travis-ci.org/karma-runner/grunt-karma)\n\n> Grunt plugin for [Karma](https://github.com/karma-runner/karma)\n\nThis current version `0.8.0` uses `karma@0.12.x`. For using older versions see the\nold releases of grunt-karma.\n\n## Getting Started\nFrom the same directory as your project\'s Gruntfile and package.json, install\nthis plugin with the following command:\n\n```bash\n$ npm install grunt-karma --save-dev\n```\n\nOnce that\'s done, add this line to your project\'s Gruntfile:\n\n```js\ngrunt.loadNpmTasks(\'grunt-karma\');\n```\n\n## Config\nInside your `Gruntfile.js` file, add a section named `karma`, containing\nany number of configurations for running karma. You can either put your\nconfig in a [karma config file] or leave it all in your Gruntfile (recommended).\n\n### Here\'s an example that points to the config file:\n\n```js\nkarma: {\n  unit: {\n    configFile: \'karma.conf.js\'\n  }\n}\n```\n\n### Here\'s an example that puts the config in the Gruntfile:\n\n```js\nkarma: {\n  unit: {\n    options: {\n      files: [\'test/**/*.js\']\n    }\n  }\n}\n```\n\nYou can override any of the config file\'s settings by putting them\ndirectly in the Gruntfile:\n\n```js\nkarma: {\n  unit: {\n    configFile: \'karma.conf.js\',\n    runnerPort: 9999,\n    singleRun: true,\n    browsers: [\'PhantomJS\'],\n    logLevel: \'ERROR\'\n  }\n}\n```\n\nTo change the `logLevel` in the grunt config file instead of the karma config, use one of the following strings:\n`OFF`, `ERROR`, `WARN`, `INFO`, `DEBUG`\n\n## Sharing Configs\nIf you have multiple targets, it may be helpful to share common\nconfiguration settings between them. Grunt-karma supports this by\nusing the `options` property:\n\n```js\nkarma: {\n  options: {\n    configFile: \'karma.conf.js\',\n    runnerPort: 9999,\n    browsers: [\'Chrome\', \'Firefox\']\n  },\n  continuous: {\n    singleRun: true,\n    browsers: [\'PhantomJS\']\n  },\n  dev: {\n    reporters: \'dots\'\n  }\n}\n```\n\nIn this example the `continuous` and `dev` targets will both use\nthe `configFile` and `runnerPort` specified in the `options`. But\nthe `continuous` target will override the browser setting to use\nPhantomJS, and also run as a singleRun. The `dev` target will simply\nchange the reporter to dots.\n\n## Running tests\nThere are three ways to run your tests with karma:\n\n### Karma Server with Auto Runs on File Change\nSetting the `autoWatch` option to true will instruct karma to start\na server and watch for changes to files, running tests automatically:\n\n```js\nkarma: {\n  unit: {\n    configFile: \'karma.conf.js\',\n    autoWatch: true\n  }\n}\n```\nNow run `$ grunt karma`\n\n### Karma Server with Grunt Watch\nMany Grunt projects watch several types of files using [grunt-contrib-watch].\nConfig karma like usual (without the autoWatch option), and add\n`background:true`:\n\n```js\nkarma: {\n  unit: {\n    configFile: \'karma.conf.js\',\n    background: true\n  }\n}\n```\nThe `background` option will tell grunt to run karma in a child process\nso it doesn\'t block subsequent grunt tasks.\n\nConfig your `watch` task to run the karma task with the `:run` flag. For example:\n\n```js\nwatch: {\n  //run unit tests with karma (server needs to be already running)\n  karma: {\n    files: [\'app/js/**/*.js\', \'test/browser/**/*.js\'],\n    tasks: [\'karma:unit:run\'] //NOTE the :run flag\n  }\n},\n```\n\nIn your terminal window run `$ grunt karma:unit:start watch`, which starts the\nkarma server and the watch task. Now when grunt watch detects a change to\none of your watched files, it will run the tests specified in the `unit`\ntarget using the already running karma server. This is the preferred method\nfor development.\n\n### Single Run\nKeeping a browser window & karma server running during development is\nproductive, but not a good solution for build processes. For that reason karma\nprovides a "continuous integration" mode, which will launch the specified\nbrowser(s), run the tests, and close the browser(s). It also supports running\ntests in [PhantomJS], a headless webkit browser which is great for running tests as part of a build. To run tests in continous integration mode just add the `singleRun` option:\n\n```js\nkarma: {\n  unit: {\n    configFile: \'config/karma.conf.js\',\n  },\n  //continuous integration mode: run tests once in PhantomJS browser.\n  continuous: {\n    configFile: \'config/karma.conf.js\',\n    singleRun: true,\n    browsers: [\'PhantomJS\']\n  },\n}\n```\n\nThe build would then run `grunt karma:continuous` to start PhantomJS,\nrun tests, and close PhantomJS.\n\n## Using additional client.args\nYou can pass arbitrary `client.args` through the commandline like this:\n\n```bash\n$ grunt karma:dev watch --grep=mypattern\n```\n\n\n## License\nMIT License\n\n[karma-config-file]: http://karma-runner.github.com/0.8/config/configuration-file.html\n[grunt-contrib-watch]: https://github.com/gruntjs/grunt-contrib-watch\n[PhantomJS]: http://phantomjs.org/\n[karma-mocha]: https://github.com/karma-runner/karma-mocha\n',
99 silly resolved     bugs: { url: 'https://github.com/karma-runner/grunt-karma/issues' },
99 silly resolved     homepage: 'https://github.com/karma-runner/grunt-karma',
99 silly resolved     _id: 'grunt-karma@0.8.2',
99 silly resolved     _from: 'grunt-karma@' },
99 silly resolved   { name: 'karma-ng-html2js-preprocessor',
99 silly resolved     version: '0.1.0',
99 silly resolved     description: 'A Karma plugin. Compile AngularJS templates to JavaScript on the fly.',
99 silly resolved     main: 'lib/index.js',
99 silly resolved     scripts: { test: 'grunt test' },
99 silly resolved     repository:
99 silly resolved      { type: 'git',
99 silly resolved        url: 'git://github.com/karma-runner/karma-ng-html2js-preprocessor.git' },
99 silly resolved     keywords:
99 silly resolved      [ 'karma-plugin',
99 silly resolved        'karma-preprocessor',
99 silly resolved        'angularjs',
99 silly resolved        'angular',
99 silly resolved        'html2js' ],
99 silly resolved     author: { name: 'Vojta Jina', email: 'vojta.jina@gmail.com' },
99 silly resolved     dependencies: {},
99 silly resolved     devDependencies:
99 silly resolved      { grunt: '~0.4.1',
99 silly resolved        'grunt-simple-mocha': '~0.4',
99 silly resolved        'grunt-contrib-jshint': '~0.6',
99 silly resolved        chai: '~1.4',
99 silly resolved        mocha: '~1.8',
99 silly resolved        'grunt-npm': '~0.0.2',
99 silly resolved        'grunt-bump': '~0.0.7',
99 silly resolved        'grunt-auto-release': '~0.0.2' },
99 silly resolved     peerDependencies: { karma: '>=0.9' },
99 silly resolved     license: 'MIT',
99 silly resolved     contributors: [ [Object], [Object], [Object], [Object], [Object], [Object] ],
99 silly resolved     readme: '# karma-ng-html2js-preprocessor [![Build Status](https://travis-ci.org/karma-runner/karma-ng-html2js-preprocessor.png?branch=master)](https://travis-ci.org/karma-runner/karma-ng-html2js-preprocessor)\n\n> Preprocessor for converting HTML files to [AngularJS](http://angularjs.org/) templates.\n\n*Note:* If you are looking for a general preprocessor that is not tight to Angular, check out [karma-html2js-preprocessor](https://github.com/karma-runner/karma-html2js-preprocessor).\n\n## Installation\n\nThe easiest way is to keep `karma-ng-html2js-preprocessor` as a devDependency in your `package.json`.\n```json\n{\n  "devDependencies": {\n    "karma": "~0.10",\n    "karma-ng-html2js-preprocessor": "~0.1"\n  }\n}\n```\n\nYou can simple do it by:\n```bash\nnpm install karma-ng-html2js-preprocessor --save-dev\n```\n\n## Configuration\n```js\n// karma.conf.js\nmodule.exports = function(config) {\n  config.set({\n    preprocessors: {\n      \'**/*.html\': [\'ng-html2js\']\n    },\n\n    files: [\n      \'*.js\',\n      \'*.html\'\n    ],\n\n    ngHtml2JsPreprocessor: {\n      // strip this from the file path\n      stripPrefix: \'public/\',\n      // prepend this to the\n      prependPrefix: \'served/\',\n\n      // or define a custom transform function\n      cacheIdFromPath: function(filepath) {\n        return cacheId;\n      },\n\n      // setting this option will create only a single module that contains templates\n      // from all the files, so you can load them all with module(\'foo\')\n      moduleName: \'foo\'\n    }\n  });\n};\n```\n\n## How does it work ?\n\nThis preprocessor converts HTML files into JS strings and generates Angular modules. These modules, when loaded, puts these HTML files into the `$templateCache` and therefore Angular won\'t try to fetch them from the server.\n\nFor instance this `template.html`...\n```html\n<div>something</div>\n```\n... will be served as `template.html.js`:\n```js\nangular.module(\'template.html\', []).config(function($templateCache) {\n  $templateCache.put(\'template.html\', \'<div>something</div>\');\n});\n```\n\nSee the [ng-directive-testing](https://github.com/vojtajina/ng-directive-testing) for a complete example.\n\n----\n\nFor more information on Karma see the [homepage].\n\n\n[homepage]: http://karma-runner.github.com\n',
99 silly resolved     readmeFilename: 'README.md',
99 silly resolved     bugs: { url: 'https://github.com/karma-runner/karma-ng-html2js-preprocessor/issues' },
99 silly resolved     homepage: 'https://github.com/karma-runner/karma-ng-html2js-preprocessor',
99 silly resolved     _id: 'karma-ng-html2js-preprocessor@0.1.0',
99 silly resolved     _from: 'karma-ng-html2js-preprocessor@' },
99 silly resolved   { name: 'karma-ng-scenario',
99 silly resolved     version: '0.1.0',
99 silly resolved     description: 'A Karma plugin. Adapter for Angular\'s Scenario Runner.',
99 silly resolved     main: 'lib/index.js',
99 silly resolved     scripts: { test: 'grunt test' },
99 silly resolved     repository:
99 silly resolved      { type: 'git',
99 silly resolved        url: 'git://github.com/karma-runner/karma-ng-scenario.git' },
99 silly resolved     keywords:
99 silly resolved      [ 'karma-plugin',
99 silly resolved        'karma-adapter',
99 silly resolved        'angular',
99 silly resolved        'e2e',
99 silly resolved        'scenario-runner' ],
99 silly resolved     author: { name: 'Vojta Jina', email: 'vojta.jina@gmail.com' },
99 silly resolved     dependencies: {},
99 silly resolved     devDependencies:
99 silly resolved      { grunt: '~0.4.1',
99 silly resolved        'grunt-contrib-jshint': '~0.6',
99 silly resolved        karma: '~0.9',
99 silly resolved        'karma-jasmine': '*',
99 silly resolved        'karma-chrome-launcher': '*',
99 silly resolved        'karma-firefox-launcher': '*',
99 silly resolved        'grunt-karma': '~0.4',
99 silly resolved        'grunt-bump': '~0.0.11',
99 silly resolved        'grunt-npm': '~0.0.2',
99 silly resolved        'grunt-auto-release': '~0.0.3' },
99 silly resolved     peerDependencies: { karma: '>=0.9' },
99 silly resolved     license: 'MIT',
99 silly resolved     readme: '# karma-ng-scenario [![Build Status](https://travis-ci.org/karma-runner/karma-ng-scenario.png?branch=master)](https://travis-ci.org/karma-runner/karma-ng-scenario)\n\n> Adapter for the AngularJS Scenario Runner.\n\n**If you are starting a new project, we recommend using [Protractor] for e2e testing AngularJS projects.**\n\n## Installation\n\nThe easiest way is to keep `karma-ng-scenario` as a devDependency in your `package.json`.\n```json\n{\n  "devDependencies": {\n    "karma": "~0.10",\n    "karma-ng-scenario": "~0.1"\n  }\n}\n```\n\nYou can simple do it by:\n```bash\nnpm install karma-ng-scenario --save-dev\n```\n\n## Configuration\nFollowing code shows the default configuration...\n```js\n// karma.conf.js\nmodule.exports = function(config) {\n  config.set({\n    frameworks: [\'ng-scenario\'],\n\n    files: [\n      \'*.js\'\n    ]\n  });\n};\n```\n\n----\n\nFor more information on Karma see the [homepage].\n\n\n[homepage]: http://karma-runner.github.com\n[Protractor]: https://github.com/angular/protractor\n',
99 silly resolved     readmeFilename: 'README.md',
99 silly resolved     bugs: { url: 'https://github.com/karma-runner/karma-ng-scenario/issues' },
99 silly resolved     homepage: 'https://github.com/karma-runner/karma-ng-scenario',
99 silly resolved     _id: 'karma-ng-scenario@0.1.0',
99 silly resolved     _from: 'karma-ng-scenario@' } ]
100 info install grunt-karma@0.8.2 into C:\Users\Jon\WebStormProjects\RostRecept
101 info install karma-ng-html2js-preprocessor@0.1.0 into C:\Users\Jon\WebStormProjects\RostRecept
102 info install karma-ng-scenario@0.1.0 into C:\Users\Jon\WebStormProjects\RostRecept
103 info installOne grunt-karma@0.8.2
104 info installOne karma-ng-html2js-preprocessor@0.1.0
105 info installOne karma-ng-scenario@0.1.0
106 info C:\Users\Jon\WebStormProjects\RostRecept\node_modules\grunt-karma unbuild
107 info preuninstall grunt-karma@0.8.2
108 info C:\Users\Jon\WebStormProjects\RostRecept\node_modules\karma-ng-html2js-preprocessor unbuild
109 info preuninstall karma-ng-html2js-preprocessor@0.1.0
110 info C:\Users\Jon\WebStormProjects\RostRecept\node_modules\karma-ng-scenario unbuild
111 info preuninstall karma-ng-scenario@0.1.0
112 info uninstall grunt-karma@0.8.2
113 info uninstall karma-ng-html2js-preprocessor@0.1.0
114 info uninstall karma-ng-scenario@0.1.0
115 verbose true,C:\Users\Jon\WebStormProjects\RostRecept\node_modules,C:\Users\Jon\WebStormProjects\RostRecept\node_modules unbuild grunt-karma@0.8.2
116 info postuninstall grunt-karma@0.8.2
117 verbose true,C:\Users\Jon\WebStormProjects\RostRecept\node_modules,C:\Users\Jon\WebStormProjects\RostRecept\node_modules unbuild karma-ng-html2js-preprocessor@0.1.0
118 info postuninstall karma-ng-html2js-preprocessor@0.1.0
119 verbose true,C:\Users\Jon\WebStormProjects\RostRecept\node_modules,C:\Users\Jon\WebStormProjects\RostRecept\node_modules unbuild karma-ng-scenario@0.1.0
120 info postuninstall karma-ng-scenario@0.1.0
121 verbose tar unpack C:\Users\Jon\AppData\Roaming\npm-cache\karma-ng-html2js-preprocessor\0.1.0\package.tgz
122 silly lockFile f832dc40-es-karma-ng-html2js-preprocessor tar://C:\Users\Jon\WebStormProjects\RostRecept\node_modules\karma-ng-html2js-preprocessor
123 verbose lock tar://C:\Users\Jon\WebStormProjects\RostRecept\node_modules\karma-ng-html2js-preprocessor C:\Users\Jon\AppData\Roaming\npm-cache\f832dc40-es-karma-ng-html2js-preprocessor.lock
124 silly lockFile 0ce28e1b-s-preprocessor-0-1-0-package-tgz tar://C:\Users\Jon\AppData\Roaming\npm-cache\karma-ng-html2js-preprocessor\0.1.0\package.tgz
125 verbose lock tar://C:\Users\Jon\AppData\Roaming\npm-cache\karma-ng-html2js-preprocessor\0.1.0\package.tgz C:\Users\Jon\AppData\Roaming\npm-cache\0ce28e1b-s-preprocessor-0-1-0-package-tgz.lock
126 verbose tar unpack C:\Users\Jon\AppData\Roaming\npm-cache\karma-ng-scenario\0.1.0\package.tgz
127 silly lockFile 8f45098e-t-node-modules-karma-ng-scenario tar://C:\Users\Jon\WebStormProjects\RostRecept\node_modules\karma-ng-scenario
128 verbose lock tar://C:\Users\Jon\WebStormProjects\RostRecept\node_modules\karma-ng-scenario C:\Users\Jon\AppData\Roaming\npm-cache\8f45098e-t-node-modules-karma-ng-scenario.lock
129 silly lockFile 6ebf9fdf-ma-ng-scenario-0-1-0-package-tgz tar://C:\Users\Jon\AppData\Roaming\npm-cache\karma-ng-scenario\0.1.0\package.tgz
130 verbose lock tar://C:\Users\Jon\AppData\Roaming\npm-cache\karma-ng-scenario\0.1.0\package.tgz C:\Users\Jon\AppData\Roaming\npm-cache\6ebf9fdf-ma-ng-scenario-0-1-0-package-tgz.lock
131 silly gunzTarPerm modes [ '755', '644' ]
132 silly gunzTarPerm modes [ '755', '644' ]
133 silly gunzTarPerm extractEntry package.json
134 silly gunzTarPerm modified mode [ 'package.json', 438, 420 ]
135 silly gunzTarPerm extractEntry package.json
136 silly gunzTarPerm modified mode [ 'package.json', 438, 420 ]
137 verbose tar unpack C:\Users\Jon\AppData\Roaming\npm-cache\grunt-karma\0.8.2\package.tgz
138 silly lockFile 0f6699d3-tRecept-node-modules-grunt-karma tar://C:\Users\Jon\WebStormProjects\RostRecept\node_modules\grunt-karma
139 verbose lock tar://C:\Users\Jon\WebStormProjects\RostRecept\node_modules\grunt-karma C:\Users\Jon\AppData\Roaming\npm-cache\0f6699d3-tRecept-node-modules-grunt-karma.lock
140 silly lockFile c48f7710-he-grunt-karma-0-8-2-package-tgz tar://C:\Users\Jon\AppData\Roaming\npm-cache\grunt-karma\0.8.2\package.tgz
141 verbose lock tar://C:\Users\Jon\AppData\Roaming\npm-cache\grunt-karma\0.8.2\package.tgz C:\Users\Jon\AppData\Roaming\npm-cache\c48f7710-he-grunt-karma-0-8-2-package-tgz.lock
142 silly gunzTarPerm extractEntry README.md
143 silly gunzTarPerm modified mode [ 'README.md', 438, 420 ]
144 silly gunzTarPerm extractEntry LICENSE
145 silly gunzTarPerm modified mode [ 'LICENSE', 438, 420 ]
146 silly gunzTarPerm extractEntry README.md
147 silly gunzTarPerm modified mode [ 'README.md', 438, 420 ]
148 silly gunzTarPerm extractEntry LICENSE
149 silly gunzTarPerm modified mode [ 'LICENSE', 438, 420 ]
150 silly gunzTarPerm modes [ '755', '644' ]
151 silly gunzTarPerm extractEntry package.json
152 silly gunzTarPerm modified mode [ 'package.json', 438, 420 ]
153 silly gunzTarPerm extractEntry .npmignore
154 silly gunzTarPerm modified mode [ '.npmignore', 438, 420 ]
155 silly gunzTarPerm extractEntry README.md
156 silly gunzTarPerm modified mode [ 'README.md', 438, 420 ]
157 silly gunzTarPerm extractEntry lib/adapter.js
158 silly gunzTarPerm modified mode [ 'lib/adapter.js', 438, 420 ]
159 silly gunzTarPerm extractEntry lib/angular-scenario.js
160 silly gunzTarPerm modified mode [ 'lib/angular-scenario.js', 438, 420 ]
161 silly gunzTarPerm extractEntry lib/html2js.js
162 silly gunzTarPerm modified mode [ 'lib/html2js.js', 438, 420 ]
163 silly gunzTarPerm extractEntry lib/index.js
164 silly gunzTarPerm modified mode [ 'lib/index.js', 438, 420 ]
165 silly gunzTarPerm extractEntry LICENSE
166 silly gunzTarPerm modified mode [ 'LICENSE', 438, 420 ]
167 silly gunzTarPerm extractEntry Gruntfile.js
168 silly gunzTarPerm modified mode [ 'Gruntfile.js', 438, 420 ]
169 silly gunzTarPerm extractEntry .travis.yml
170 silly gunzTarPerm modified mode [ '.travis.yml', 438, 420 ]
171 silly gunzTarPerm extractEntry TODO.md
172 silly gunzTarPerm modified mode [ 'TODO.md', 438, 420 ]
173 silly gunzTarPerm extractEntry lib/background.js
174 silly gunzTarPerm modified mode [ 'lib/background.js', 438, 420 ]
175 silly gunzTarPerm extractEntry CHANGELOG.md
176 silly gunzTarPerm modified mode [ 'CHANGELOG.md', 438, 420 ]
177 silly gunzTarPerm extractEntry tasks/grunt-karma.js
178 silly gunzTarPerm modified mode [ 'tasks/grunt-karma.js', 438, 420 ]
179 silly gunzTarPerm extractEntry lib/index.js
180 silly gunzTarPerm modified mode [ 'lib/index.js', 438, 420 ]
181 silly lockFile f832dc40-es-karma-ng-html2js-preprocessor tar://C:\Users\Jon\WebStormProjects\RostRecept\node_modules\karma-ng-html2js-preprocessor
182 silly lockFile f832dc40-es-karma-ng-html2js-preprocessor tar://C:\Users\Jon\WebStormProjects\RostRecept\node_modules\karma-ng-html2js-preprocessor
183 silly lockFile 0ce28e1b-s-preprocessor-0-1-0-package-tgz tar://C:\Users\Jon\AppData\Roaming\npm-cache\karma-ng-html2js-preprocessor\0.1.0\package.tgz
184 silly lockFile 0ce28e1b-s-preprocessor-0-1-0-package-tgz tar://C:\Users\Jon\AppData\Roaming\npm-cache\karma-ng-html2js-preprocessor\0.1.0\package.tgz
185 silly gunzTarPerm extractEntry test/grunt-karma-test.js
186 silly gunzTarPerm modified mode [ 'test/grunt-karma-test.js', 438, 420 ]
187 info preinstall karma-ng-html2js-preprocessor@0.1.0
188 verbose readDependencies using package.json deps
189 verbose readDependencies using package.json deps
190 silly resolved []
191 verbose about to build C:\Users\Jon\WebStormProjects\RostRecept\node_modules\karma-ng-html2js-preprocessor
192 info build C:\Users\Jon\WebStormProjects\RostRecept\node_modules\karma-ng-html2js-preprocessor
193 verbose linkStuff [ false,
193 verbose linkStuff   false,
193 verbose linkStuff   false,
193 verbose linkStuff   'C:\\Users\\Jon\\WebStormProjects\\RostRecept\\node_modules' ]
194 info linkStuff karma-ng-html2js-preprocessor@0.1.0
195 verbose linkBins karma-ng-html2js-preprocessor@0.1.0
196 verbose linkMans karma-ng-html2js-preprocessor@0.1.0
197 verbose rebuildBundles karma-ng-html2js-preprocessor@0.1.0
198 info install karma-ng-html2js-preprocessor@0.1.0
199 info postinstall karma-ng-html2js-preprocessor@0.1.0
200 silly lockFile 0f6699d3-tRecept-node-modules-grunt-karma tar://C:\Users\Jon\WebStormProjects\RostRecept\node_modules\grunt-karma
201 silly lockFile 0f6699d3-tRecept-node-modules-grunt-karma tar://C:\Users\Jon\WebStormProjects\RostRecept\node_modules\grunt-karma
202 silly lockFile c48f7710-he-grunt-karma-0-8-2-package-tgz tar://C:\Users\Jon\AppData\Roaming\npm-cache\grunt-karma\0.8.2\package.tgz
203 silly lockFile c48f7710-he-grunt-karma-0-8-2-package-tgz tar://C:\Users\Jon\AppData\Roaming\npm-cache\grunt-karma\0.8.2\package.tgz
204 info preinstall grunt-karma@0.8.2
205 verbose readDependencies using package.json deps
206 verbose readDependencies using package.json deps
207 verbose cache add [ 'lodash@~2.4.1', null ]
208 verbose cache add name=undefined spec="lodash@~2.4.1" args=["lodash@~2.4.1",null]
209 verbose parsed url { protocol: null,
209 verbose parsed url   slashes: null,
209 verbose parsed url   auth: null,
209 verbose parsed url   host: null,
209 verbose parsed url   port: null,
209 verbose parsed url   hostname: null,
209 verbose parsed url   hash: null,
209 verbose parsed url   search: null,
209 verbose parsed url   query: null,
209 verbose parsed url   pathname: 'lodash@~2.4.1',
209 verbose parsed url   path: 'lodash@~2.4.1',
209 verbose parsed url   href: 'lodash@~2.4.1' }
210 verbose cache add name="lodash" spec="~2.4.1" args=["lodash","~2.4.1"]
211 verbose parsed url { protocol: null,
211 verbose parsed url   slashes: null,
211 verbose parsed url   auth: null,
211 verbose parsed url   host: null,
211 verbose parsed url   port: null,
211 verbose parsed url   hostname: null,
211 verbose parsed url   hash: null,
211 verbose parsed url   search: null,
211 verbose parsed url   query: null,
211 verbose parsed url   pathname: '~2.4.1',
211 verbose parsed url   path: '~2.4.1',
211 verbose parsed url   href: '~2.4.1' }
212 verbose addNamed [ 'lodash', '~2.4.1' ]
213 verbose addNamed [ null, '>=2.4.1-0 <2.5.0-0' ]
214 silly lockFile 257f9ab3-lodash-2-4-1 lodash@~2.4.1
215 verbose lock lodash@~2.4.1 C:\Users\Jon\AppData\Roaming\npm-cache\257f9ab3-lodash-2-4-1.lock
216 silly addNameRange { name: 'lodash', range: '>=2.4.1-0 <2.5.0-0', hasData: false }
217 verbose url raw lodash
218 verbose url resolving [ 'https://registry.npmjs.org/', './lodash' ]
219 verbose url resolved https://registry.npmjs.org/lodash
220 info trying registry request attempt 1 at 20:16:20
221 verbose etag "BL2DUXHXYFHR73PH3AQG2DFC3"
222 http GET https://registry.npmjs.org/lodash
223 silly lockFile 8f45098e-t-node-modules-karma-ng-scenario tar://C:\Users\Jon\WebStormProjects\RostRecept\node_modules\karma-ng-scenario
224 silly lockFile 8f45098e-t-node-modules-karma-ng-scenario tar://C:\Users\Jon\WebStormProjects\RostRecept\node_modules\karma-ng-scenario
225 silly lockFile 6ebf9fdf-ma-ng-scenario-0-1-0-package-tgz tar://C:\Users\Jon\AppData\Roaming\npm-cache\karma-ng-scenario\0.1.0\package.tgz
226 silly lockFile 6ebf9fdf-ma-ng-scenario-0-1-0-package-tgz tar://C:\Users\Jon\AppData\Roaming\npm-cache\karma-ng-scenario\0.1.0\package.tgz
227 info preinstall karma-ng-scenario@0.1.0
228 verbose readDependencies using package.json deps
229 verbose readDependencies using package.json deps
230 silly resolved []
231 verbose about to build C:\Users\Jon\WebStormProjects\RostRecept\node_modules\karma-ng-scenario
232 info build C:\Users\Jon\WebStormProjects\RostRecept\node_modules\karma-ng-scenario
233 verbose linkStuff [ false,
233 verbose linkStuff   false,
233 verbose linkStuff   false,
233 verbose linkStuff   'C:\\Users\\Jon\\WebStormProjects\\RostRecept\\node_modules' ]
234 info linkStuff karma-ng-scenario@0.1.0
235 verbose linkBins karma-ng-scenario@0.1.0
236 verbose linkMans karma-ng-scenario@0.1.0
237 verbose rebuildBundles karma-ng-scenario@0.1.0
238 info install karma-ng-scenario@0.1.0
239 info postinstall karma-ng-scenario@0.1.0
240 http 304 https://registry.npmjs.org/lodash
241 silly registry.get cb [ 304,
241 silly registry.get   { date: 'Wed, 23 Apr 2014 18:16:13 GMT',
241 silly registry.get     server: 'Apache',
241 silly registry.get     via: '1.1 varnish',
241 silly registry.get     'last-modified': 'Wed, 23 Apr 2014 18:16:13 GMT',
241 silly registry.get     'cache-control': 'max-age=1',
241 silly registry.get     etag: '"BL2DUXHXYFHR73PH3AQG2DFC3"',
241 silly registry.get     'x-served-by': 'cache-am77-AMS',
241 silly registry.get     'x-cache': 'HIT',
241 silly registry.get     'x-cache-hits': '1',
241 silly registry.get     'x-timer': 'S1398276973.180012465,VS0,VE90',
241 silly registry.get     vary: 'Accept',
241 silly registry.get     'content-length': '0',
241 silly registry.get     'keep-alive': 'timeout=10, max=50',
241 silly registry.get     connection: 'Keep-Alive' } ]
242 verbose etag lodash from cache
243 silly addNameRange number 2 { name: 'lodash', range: '>=2.4.1-0 <2.5.0-0', hasData: true }
244 silly addNameRange versions [ 'lodash',
244 silly addNameRange   [ '0.1.0',
244 silly addNameRange     '0.2.0',
244 silly addNameRange     '0.2.1',
244 silly addNameRange     '0.2.2',
244 silly addNameRange     '0.3.0',
244 silly addNameRange     '0.3.1',
244 silly addNameRange     '0.3.2',
244 silly addNameRange     '0.4.0',
244 silly addNameRange     '0.4.1',
244 silly addNameRange     '0.4.2',
244 silly addNameRange     '0.5.0-rc.1',
244 silly addNameRange     '0.5.0',
244 silly addNameRange     '0.5.1',
244 silly addNameRange     '0.5.2',
244 silly addNameRange     '0.6.0',
244 silly addNameRange     '0.6.1',
244 silly addNameRange     '0.7.0',
244 silly addNameRange     '0.8.0',
244 silly addNameRange     '0.8.1',
244 silly addNameRange     '0.8.2',
244 silly addNameRange     '0.9.0',
244 silly addNameRange     '0.9.1',
244 silly addNameRange     '0.9.2',
244 silly addNameRange     '0.10.0',
244 silly addNameRange     '1.0.0-rc.1',
244 silly addNameRange     '1.0.0-rc.2',
244 silly addNameRange     '1.0.0-rc.3',
244 silly addNameRange     '1.0.0',
244 silly addNameRange     '1.0.1',
244 silly addNameRange     '1.1.0',
244 silly addNameRange     '1.1.1',
244 silly addNameRange     '1.2.0',
244 silly addNameRange     '1.2.1',
244 silly addNameRange     '1.3.0',
244 silly addNameRange     '1.3.1',
244 silly addNameRange     '2.0.0',
244 silly addNameRange     '2.1.0',
244 silly addNameRange     '2.2.0',
244 silly addNameRange     '2.2.1',
244 silly addNameRange     '2.3.0',
244 silly addNameRange     '2.4.0',
244 silly addNameRange     '2.4.1' ] ]
245 verbose addNamed [ 'lodash', '2.4.1' ]
246 verbose addNamed [ '2.4.1', '2.4.1' ]
247 silly lockFile 8502be2a-lodash-2-4-1 lodash@2.4.1
248 verbose lock lodash@2.4.1 C:\Users\Jon\AppData\Roaming\npm-cache\8502be2a-lodash-2-4-1.lock
249 silly lockFile 8502be2a-lodash-2-4-1 lodash@2.4.1
250 silly lockFile 8502be2a-lodash-2-4-1 lodash@2.4.1
251 silly lockFile 257f9ab3-lodash-2-4-1 lodash@~2.4.1
252 silly lockFile 257f9ab3-lodash-2-4-1 lodash@~2.4.1
253 silly resolved [ { name: 'lodash',
253 silly resolved     version: '2.4.1',
253 silly resolved     description: 'A utility library delivering consistency, customization, performance, & extras.',
253 silly resolved     homepage: 'http://lodash.com/',
253 silly resolved     license: 'MIT',
253 silly resolved     main: 'dist/lodash.js',
253 silly resolved     keywords:
253 silly resolved      [ 'amd',
253 silly resolved        'browser',
253 silly resolved        'client',
253 silly resolved        'customize',
253 silly resolved        'functional',
253 silly resolved        'server',
253 silly resolved        'util' ],
253 silly resolved     author:
253 silly resolved      { name: 'John-David Dalton',
253 silly resolved        email: 'john.david.dalton@gmail.com',
253 silly resolved        url: 'http://allyoucanleet.com/' },
253 silly resolved     contributors: [ [Object], [Object], [Object], [Object] ],
253 silly resolved     bugs: { url: 'https://github.com/lodash/lodash/issues' },
253 silly resolved     repository: { type: 'git', url: 'https://github.com/lodash/lodash.git' },
253 silly resolved     engines: [ 'node', 'rhino' ],
253 silly resolved     files:
253 silly resolved      [ 'LICENSE.txt',
253 silly resolved        'lodash.js',
253 silly resolved        'dist/lodash.js',
253 silly resolved        'dist/lodash.min.js',
253 silly resolved        'dist/lodash.compat.js',
253 silly resolved        'dist/lodash.compat.min.js',
253 silly resolved        'dist/lodash.underscore.js',
253 silly resolved        'dist/lodash.underscore.min.js' ],
253 silly resolved     jam: { main: 'dist/lodash.compat.js', include: [Object] },
253 silly resolved     volo: { type: 'directory', ignore: [Object] },
253 silly resolved     readme: '# Lo-Dash v2.4.1\nA utility library delivering consistency, [customization](http://lodash.com/custom-builds), [performance](http://lodash.com/benchmarks), & [extras](http://lodash.com/#features).\n\n## Download\n\nCheck out our [wiki]([https://github.com/lodash/lodash/wiki/build-differences]) for details over the differences between builds.\n\n* Modern builds perfect for newer browsers/environments:<br>\n[Development](https://raw.github.com/lodash/lodash/2.4.1/dist/lodash.js) &\n[Production](https://raw.github.com/lodash/lodash/2.4.1/dist/lodash.min.js)\n\n* Compatibility builds for older environment support too:<br>\n[Development](https://raw.github.com/lodash/lodash/2.4.1/dist/lodash.compat.js) &\n[Production](https://raw.github.com/lodash/lodash/2.4.1/dist/lodash.compat.min.js)\n\n* Underscore builds to use as a drop-in replacement:<br>\n[Development](https://raw.github.com/lodash/lodash/2.4.1/dist/lodash.underscore.js) &\n[Production](https://raw.github.com/lodash/lodash/2.4.1/dist/lodash.underscore.min.js)\n\nCDN copies are available on [cdnjs](http://cdnjs.com/libraries/lodash.js/) & [jsDelivr](http://www.jsdelivr.com/#!lodash). For smaller file sizes, create [custom builds](http://lodash.com/custom-builds) with only the features needed.\n\nLove modules? We’ve got you covered with [lodash-amd](https://npmjs.org/package/lodash-amd), [lodash-es6](https://github.com/lodash/lodash-es6), [lodash-node](https://npmjs.org/package/lodash-node), & [npm packages](https://npmjs.org/browse/keyword/lodash-modularized) per method.\n\n## Dive in\n\nThere’s plenty of **[documentation](http://lodash.com/docs)**, [unit tests](http://lodash.com/tests), & [benchmarks](http://lodash.com/benchmarks).<br>\nCheck out <a href="http://devdocs.io/lodash/">DevDocs</a> as a fast, organized, & searchable interface for our documentation.\n\nThe full changelog for this release is available on our [wiki](https://github.com/lodash/lodash/wiki/Changelog).<br>\nA list of upcoming features is available on our [roadmap](https://github.com/lodash/lodash/wiki/Roadmap).\n\n## Features *not* in Underscore\n\n * AMD loader support ([curl](https://github.com/cujojs/curl), [dojo](http://dojotoolkit.org/), [requirejs](http://requirejs.org/), etc.)\n * [_(…)](http://lodash.com/docs#_) supports intuitive chaining\n * [_.at](http://lodash.com/docs#at) for cherry-picking collection values\n * [_.bindKey](http://lodash.com/docs#bindKey) for binding [*“lazy”*](http://michaux.ca/articles/lazy-function-definition-pattern) defined methods\n * [_.clone](http://lodash.com/docs#clone) supports shallow cloning of `Date` & `RegExp` objects\n * [_.cloneDeep](http://lodash.com/docs#cloneDeep) for deep cloning arrays & objects\n * [_.constant](http://lodash.com/docs#constant) & [_.property](http://lodash.com/docs#property) function generators for composing functions\n * [_.contains](http://lodash.com/docs#contains) accepts a `fromIndex`\n * [_.create](http://lodash.com/docs#create) for easier object inheritance\n * [_.createCallback](http://lodash.com/docs#createCallback) for extending callbacks in methods & mixins\n * [_.curry](http://lodash.com/docs#curry) for creating [curried](http://hughfdjackson.com/javascript/2013/07/06/why-curry-helps/) functions\n * [_.debounce](http://lodash.com/docs#debounce) & [_.throttle](http://lodash.com/docs#throttle) accept additional `options` for more control\n * [_.findIndex](http://lodash.com/docs#findIndex) & [_.findKey](http://lodash.com/docs#findKey) for finding indexes & keys\n * [_.forEach](http://lodash.com/docs#forEach) is chainable & supports exiting early\n * [_.forIn](http://lodash.com/docs#forIn) for iterating own & inherited properties\n * [_.forOwn](http://lodash.com/docs#forOwn) for iterating own properties\n * [_.isPlainObject](http://lodash.com/docs#isPlainObject) for checking if values are created by `Object`\n * [_.mapValues](http://lodash.com/docs#mapValues) for [mapping](http://lodash.com/docs#map) values to an object\n * [_.memoize](http://lodash.com/docs#memoize) exposes the `cache` of memoized functions\n * [_.merge](http://lodash.com/docs#merge) for a deep [_.extend](http://lodash.com/docs#extend)\n * [_.noop](http://lodash.com/docs#noop) for function placeholders\n * [_.now](http://lodash.com/docs#now) as a cross-browser `Date.now` alternative\n * [_.parseInt](http://lodash.com/docs#parseInt) for consistent behavior\n * [_.pull](http://lodash.com/docs#pull) & [_.remove](http://lodash.com/docs#remove) for mutating arrays\n * [_.random](http://lodash.com/docs#random) supports returning floating-point numbers\n * [_.runInContext](http://lodash.com/docs#runInContext) for easier mocking\n * [_.sortBy](http://lodash.com/docs#sortBy) supports sorting by multiple properties\n * [_.support](http://lodash.com/docs#support) for flagging environment features\n * [_.template](http://lodash.com/docs#template) supports [*“imports”*](http://lodash.com/docs#templateSettings_imports) options & [ES6 template delimiters](http://people.mozilla.org/~jorendorff/es6-draft.html#sec-literals-string-literals)\n * [_.transform](http://lodash.com/docs#transform) as a powerful alternative to [_.reduce](http://lodash.com/docs#reduce) for transforming objects\n * [_.where](http://lodash.com/docs#where) supports deep object comparisons\n * [_.xor](http://lodash.com/docs#xor) as a companion to [_.difference](http://lodash.com/docs#difference), [_.intersection](http://lodash.com/docs#intersection), & [_.union](http://lodash.com/docs#union)\n * [_.zip](http://lodash.com/docs#zip) is capable of unzipping values\n * [_.omit](http://lodash.com/docs#omit), [_.pick](http://lodash.com/docs#pick), &\n   [more](http://lodash.com/docs "_.assign, _.clone, _.cloneDeep, _.first, _.initial, _.isEqual, _.last, _.merge, _.rest") accept callbacks\n * [_.contains](http://lodash.com/docs#contains), [_.toArray](http://lodash.com/docs#toArray), &\n   [more](http://lodash.com/docs "_.at, _.countBy, _.every, _.filter, _.find, _.forEach, _.forEachRight, _.groupBy, _.invoke, _.map, _.max, _.min, _.pluck, _.reduce, _.reduceRight, _.reject, _.shuffle, _.size, _.some, _.sortBy, _.where") accept strings\n * [_.filter](http://lodash.com/docs#filter), [_.map](http://lodash.com/docs#map), &\n   [more](http://lodash.com/docs "_.countBy, _.every, _.find, _.findKey, _.findLast, _.findLastIndex, _.findLastKey, _.first, _.groupBy, _.initial, _.last, _.max, _.min, _.reject, _.rest, _.some, _.sortBy, _.sortedIndex, _.uniq") support *“_.pluck”* & *“_.where”* shorthands\n * [_.findLast](http://lodash.com/docs#findLast), [_.findLastIndex](http://lodash.com/docs#findLastIndex), &\n   [more](http://lodash.com/docs "_.findLastKey, _.forEachRight, _.forInRight, _.forOwnRight, _.partialRight") right-associative methods\n\n## Resources\n\n * Podcasts\n  - [JavaScript Jabber](http://javascriptjabber.com/079-jsj-lo-dash-with-john-david-dalton/)\n\n * Posts\n  - [Say “Hello” to Lo-Dash](http://kitcambridge.be/blog/say-hello-to-lo-dash/)\n  - [Custom builds in Lo-Dash 2.0](http://kitcambridge.be/blog/custom-builds-in-lo-dash-2-dot-0/)\n\n * Videos\n  - [Introduction](https://vimeo.com/44154599)\n  - [Origins](https://vimeo.com/44154600)\n  - [Optimizations & builds](https://vimeo.com/44154601)\n  - [Native method use](https://vimeo.com/48576012)\n  - [Testing](https://vimeo.com/45865290)\n  - [CascadiaJS ’12](http://www.youtube.com/watch?v=dpPy4f_SeEk)\n\n A list of other community created podcasts, posts, & videos is available on our [wiki](https://github.com/lodash/lodash/wiki/Resources).\n\n## Support\n\nTested in Chrome 5~31, Firefox 2~25, IE 6-11, Opera 9.25~17, Safari 3-7, Node.js 0.6.21~0.10.22, Narwhal 0.3.2, PhantomJS 1.9.2, RingoJS 0.9, & Rhino 1.7RC5.<br>\nAutomated browser test results [are available](https://saucelabs.com/u/lodash) as well as [Travis CI](https://travis-ci.org/) builds for [lodash](https://travis-ci.org/lodash/lodash/), [lodash-cli](https://travis-ci.org/lodash/lodash-cli/), [lodash-amd](https://travis-ci.org/lodash/lodash-amd/), [lodash-node](https://travis-ci.org/lodash/lodash-node/), & [grunt-lodash](https://travis-ci.org/lodash/grunt-lodash).\n\nSpecial thanks to [Sauce Labs](https://saucelabs.com/) for providing automated browser testing.<br>\n[![Sauce Labs](http://lodash.com/_img/sauce.png)](https://saucelabs.com/ "Sauce Labs: Selenium Testing & More")\n\n## Installation & usage\n\nIn browsers:\n\n```html\n<script src="lodash.js"></script>\n```\n\nUsing [`npm`](http://npmjs.org/):\n\n```bash\nnpm i --save lodash\n\n{sudo} npm i -g lodash\nnpm ln lodash\n```\n\nIn [Node.js](http://nodejs.org/) & [Ringo](http://ringojs.org/):\n\n```js\nvar _ = require(\'lodash\');\n// or as Underscore\nvar _ = require(\'lodash/dist/lodash.underscore\');\n```\n\n**Notes:**\n * Don’t assign values to [special variable](http://nodejs.org/api/repl.html#repl_repl_features) `_` when in the REPL\n * If Lo-Dash is installed globally, run [`npm ln lodash`](http://blog.nodejs.org/2011/03/23/npm-1-0-global-vs-local-installation/) in your project’s root directory *before* requiring it\n\nIn [Rhino](http://www.mozilla.org/rhino/):\n\n```js\nload(\'lodash.js\');\n```\n\nIn an AMD loader:\n\n```js\nrequire({\n  \'packages\': [\n    { \'name\': \'lodash\', \'location\': \'path/to/lodash\', \'main\': \'lodash\' }\n  ]\n},\n[\'lodash\'], function(_) {\n  console.log(_.VERSION);\n});\n```\n\n## Author\n\n| [![twitter/jdalton](http://gravatar.com/avatar/299a3d891ff1920b69c364d061007043?s=70)](https://twitter.com/jdalton "Follow @jdalton on Twitter") |\n|---|\n| [John-David Dalton](http://allyoucanleet.com/) |\n\n## Contributors\n\n| [![twitter/blainebublitz](http://gravatar.com/avatar/ac1c67fd906c9fecd823ce302283b4c1?s=70)](https://twitter.com/blainebublitz "Follow @BlaineBublitz on Twitter") | [![twitter/kitcambridge](http://gravatar.com/avatar/6662a1d02f351b5ef2f8b4d815804661?s=70)](https://twitter.com/kitcambridge "Follow @kitcambridge on Twitter") | [![twitter/mathias](http://gravatar.com/avatar/24e08a9ea84deb17ae121074d0f17125?s=70)](https://twitter.com/mathias "Follow @mathias on Twitter") |\n|---|---|---|\n| [Blaine Bublitz](http://www.iceddev.com/) | [Kit Cambridge](http://kitcambridge.be/) | [Mathias Bynens](http://mathiasbynens.be/) |\n\n[![Bitdeli Badge](https://d2weczhvl823v0.cloudfront.net/lodash/lodash/trend.png)](https://bitdeli.com/free "Bitdeli Badge")\n',
253 silly resolved     readmeFilename: 'README.md',
253 silly resolved     _id: 'lodash@2.4.1',
253 silly resolved     _from: 'lodash@~2.4.1' } ]
254 info install lodash@2.4.1 into C:\Users\Jon\WebStormProjects\RostRecept\node_modules\grunt-karma
255 info installOne lodash@2.4.1
256 info C:\Users\Jon\WebStormProjects\RostRecept\node_modules\grunt-karma\node_modules\lodash unbuild
257 verbose tar unpack C:\Users\Jon\AppData\Roaming\npm-cache\lodash\2.4.1\package.tgz
258 silly lockFile 145be3b8--grunt-karma-node-modules-lodash tar://C:\Users\Jon\WebStormProjects\RostRecept\node_modules\grunt-karma\node_modules\lodash
259 verbose lock tar://C:\Users\Jon\WebStormProjects\RostRecept\node_modules\grunt-karma\node_modules\lodash C:\Users\Jon\AppData\Roaming\npm-cache\145be3b8--grunt-karma-node-modules-lodash.lock
260 silly lockFile f1a9d3bd-m-cache-lodash-2-4-1-package-tgz tar://C:\Users\Jon\AppData\Roaming\npm-cache\lodash\2.4.1\package.tgz
261 verbose lock tar://C:\Users\Jon\AppData\Roaming\npm-cache\lodash\2.4.1\package.tgz C:\Users\Jon\AppData\Roaming\npm-cache\f1a9d3bd-m-cache-lodash-2-4-1-package-tgz.lock
262 silly gunzTarPerm modes [ '755', '644' ]
263 silly gunzTarPerm extractEntry package.json
264 silly gunzTarPerm modified mode [ 'package.json', 438, 420 ]
265 silly gunzTarPerm extractEntry README.md
266 silly gunzTarPerm modified mode [ 'README.md', 438, 420 ]
267 silly gunzTarPerm extractEntry lodash.js
268 silly gunzTarPerm modified mode [ 'lodash.js', 438, 420 ]
269 silly gunzTarPerm extractEntry LICENSE.txt
270 silly gunzTarPerm modified mode [ 'LICENSE.txt', 438, 420 ]
271 silly gunzTarPerm extractEntry dist/lodash.compat.js
272 silly gunzTarPerm modified mode [ 'dist/lodash.compat.js', 438, 420 ]
273 silly gunzTarPerm extractEntry dist/lodash.compat.min.js
274 silly gunzTarPerm modified mode [ 'dist/lodash.compat.min.js', 438, 420 ]
275 silly gunzTarPerm extractEntry dist/lodash.js
276 silly gunzTarPerm modified mode [ 'dist/lodash.js', 438, 420 ]
277 silly gunzTarPerm extractEntry dist/lodash.min.js
278 silly gunzTarPerm modified mode [ 'dist/lodash.min.js', 438, 420 ]
279 silly gunzTarPerm extractEntry dist/lodash.underscore.js
280 silly gunzTarPerm modified mode [ 'dist/lodash.underscore.js', 438, 420 ]
281 silly gunzTarPerm extractEntry dist/lodash.underscore.min.js
282 silly gunzTarPerm modified mode [ 'dist/lodash.underscore.min.js', 438, 420 ]
283 silly lockFile 145be3b8--grunt-karma-node-modules-lodash tar://C:\Users\Jon\WebStormProjects\RostRecept\node_modules\grunt-karma\node_modules\lodash
284 silly lockFile 145be3b8--grunt-karma-node-modules-lodash tar://C:\Users\Jon\WebStormProjects\RostRecept\node_modules\grunt-karma\node_modules\lodash
285 silly lockFile f1a9d3bd-m-cache-lodash-2-4-1-package-tgz tar://C:\Users\Jon\AppData\Roaming\npm-cache\lodash\2.4.1\package.tgz
286 silly lockFile f1a9d3bd-m-cache-lodash-2-4-1-package-tgz tar://C:\Users\Jon\AppData\Roaming\npm-cache\lodash\2.4.1\package.tgz
287 info preinstall lodash@2.4.1
288 verbose readDependencies using package.json deps
289 verbose readDependencies using package.json deps
290 silly resolved []
291 verbose about to build C:\Users\Jon\WebStormProjects\RostRecept\node_modules\grunt-karma\node_modules\lodash
292 info build C:\Users\Jon\WebStormProjects\RostRecept\node_modules\grunt-karma\node_modules\lodash
293 verbose linkStuff [ false,
293 verbose linkStuff   false,
293 verbose linkStuff   false,
293 verbose linkStuff   'C:\\Users\\Jon\\WebStormProjects\\RostRecept\\node_modules\\grunt-karma\\node_modules' ]
294 info linkStuff lodash@2.4.1
295 verbose linkBins lodash@2.4.1
296 verbose linkMans lodash@2.4.1
297 verbose rebuildBundles lodash@2.4.1
298 info install lodash@2.4.1
299 info postinstall lodash@2.4.1
300 verbose about to build C:\Users\Jon\WebStormProjects\RostRecept\node_modules\grunt-karma
301 info build C:\Users\Jon\WebStormProjects\RostRecept\node_modules\grunt-karma
302 verbose linkStuff [ false,
302 verbose linkStuff   false,
302 verbose linkStuff   false,
302 verbose linkStuff   'C:\\Users\\Jon\\WebStormProjects\\RostRecept\\node_modules' ]
303 info linkStuff grunt-karma@0.8.2
304 verbose linkBins grunt-karma@0.8.2
305 verbose linkMans grunt-karma@0.8.2
306 verbose rebuildBundles grunt-karma@0.8.2
307 verbose rebuildBundles [ 'lodash' ]
308 info install grunt-karma@0.8.2
309 info postinstall grunt-karma@0.8.2
310 verbose readDependencies using package.json deps
311 verbose already installed skipping karma@~0.12.0 C:\Users\Jon\WebStormProjects\RostRecept
312 silly resolved []
313 error peerinvalid The package karma does not satisfy its siblings' peerDependencies requirements!
313 error peerinvalid Peer karma-chrome-launcher@0.1.3 wants karma@>=0.9.3
313 error peerinvalid Peer karma-firefox-launcher@0.1.3 wants karma@>=0.9
313 error peerinvalid Peer karma-html2js-preprocessor@0.1.0 wants karma@>=0.9
313 error peerinvalid Peer karma-jasmine@0.1.5 wants karma@>=0.9
313 error peerinvalid Peer karma-ng-html2js-preprocessor@0.1.0 wants karma@>=0.9
313 error peerinvalid Peer karma-ng-scenario@0.1.0 wants karma@>=0.9
313 error peerinvalid Peer karma-requirejs@0.2.1 wants karma@>=0.9
313 error peerinvalid Peer karma-script-launcher@0.1.0 wants karma@>=0.9
313 error peerinvalid Peer grunt-karma@0.8.2 wants karma@~0.12.0
313 error peerinvalid Peer karma-coffee-preprocessor@0.1.3 wants karma@>=0.9
313 error peerinvalid Peer karma-phantomjs-launcher@0.1.4 wants karma@>=0.9
314 error System Windows_NT 6.1.7601
315 error command "C:\\Program Files\\nodejs\\\\node.exe" "C:\\Program Files\\nodejs\\node_modules\\npm\\bin\\npm-cli.js" "install" "grunt-karma" "karma-ng-html2js-preprocessor" "karma-ng-scenario" "--save-dev"
316 error cwd C:\Users\Jon\WebStormProjects\RostRecept
317 error node -v v0.10.26
318 error npm -v 1.4.3
319 error code EPEERINVALID
320 verbose exit [ 1, true ]
